c:\users\leandro\source\repos\sdl-game\sdl_game\debug\vc141.pdb
c:\users\leandro\source\repos\sdl-game\sdl_game\debug\vc141.idb
c:\users\leandro\source\repos\sdl-game\sdl_game\debug\texturemanager.obj
c:\users\leandro\source\repos\sdl-game\sdl_game\debug\sdlgameobject.obj
c:\users\leandro\source\repos\sdl-game\sdl_game\debug\player.obj
c:\users\leandro\source\repos\sdl-game\sdl_game\debug\pausestate.obj
c:\users\leandro\source\repos\sdl-game\sdl_game\debug\parameters.obj
c:\users\leandro\source\repos\sdl-game\sdl_game\debug\menustate.obj
c:\users\leandro\source\repos\sdl-game\sdl_game\debug\menubutton.obj
c:\users\leandro\source\repos\sdl-game\sdl_game\debug\main.obj
c:\users\leandro\source\repos\sdl-game\sdl_game\debug\keyboard.obj
c:\users\leandro\source\repos\sdl-game\sdl_game\debug\joystick.obj
c:\users\leandro\source\repos\sdl-game\sdl_game\debug\inputhandler.obj
c:\users\leandro\source\repos\sdl-game\sdl_game\debug\global.obj
c:\users\leandro\source\repos\sdl-game\sdl_game\debug\gamestatemachine.obj
c:\users\leandro\source\repos\sdl-game\sdl_game\debug\gameobject.obj
c:\users\leandro\source\repos\sdl-game\sdl_game\debug\game.obj
c:\users\leandro\source\repos\sdl-game\sdl_game\debug\enemy.obj
c:\users\leandro\source\repos\sdl-game\sdl_game\debug\animatedgraphics.obj
c:\users\leandro\source\repos\sdl-game\sdl_game\debug\vector2d.obj
c:\users\leandro\source\repos\sdl-game\sdl_game\debug\tinyxmlparser.obj
c:\users\leandro\source\repos\sdl-game\sdl_game\debug\tinyxmlerror.obj
c:\users\leandro\source\repos\sdl-game\sdl_game\debug\tinyxml.obj
c:\users\leandro\source\repos\sdl-game\sdl_game\debug\tinystr.obj
c:\users\leandro\source\repos\sdl-game\sdl_game\debug\playstate.obj
c:\users\leandro\source\repos\sdl-game\sdl_game\debug\mouse.obj
c:\users\leandro\source\repos\sdl-game\sdl_game\debug\gameoverstate.obj
c:\users\leandro\source\repos\sdl-game\debug\sdl_game.exe
c:\users\leandro\source\repos\sdl-game\debug\sdl_game.ilk
c:\users\leandro\source\repos\sdl-game\debug\sdl_game.pdb
c:\users\leandro\source\repos\sdl-game\sdl_game\debug\sdl_game.tlog\cl.command.1.tlog
c:\users\leandro\source\repos\sdl-game\sdl_game\debug\sdl_game.tlog\cl.read.1.tlog
c:\users\leandro\source\repos\sdl-game\sdl_game\debug\sdl_game.tlog\cl.write.1.tlog
c:\users\leandro\source\repos\sdl-game\sdl_game\debug\sdl_game.tlog\link.command.1.tlog
c:\users\leandro\source\repos\sdl-game\sdl_game\debug\sdl_game.tlog\link.read.1.tlog
c:\users\leandro\source\repos\sdl-game\sdl_game\debug\sdl_game.tlog\link.write.1.tlog
